Flutter crash report.
Please report a bug at https://github.com/flutter/flutter/issues.

## command

flutter run --device-id chrome --observatory-port 58667

## exception

FileSystemException: FileSystemException: Deletion failed, path = 'C:\Users\fumikazu.fujiwara\Documents\Flutter\bin\cache\flutter_web_sdk' (OS Error: The process cannot access the file because it is being used by another process.
, errno = 32)

```
#0      _Directory._deleteSync (dart:io/directory_impl.dart:201:7)
#1      FileSystemEntity.deleteSync (dart:io/file_system_entity.dart:455:47)
#2      ForwardingFileSystemEntity.deleteSync (package:file/src/forwarding/forwarding_file_system_entity.dart:72:16)
#3      ErrorHandlingDirectory.deleteSync.<anonymous closure> (package:flutter_tools/src/base/error_handling_io.dart:389:22)
#4      _runSync (package:flutter_tools/src/base/error_handling_io.dart:486:14)
#5      ErrorHandlingDirectory.deleteSync (package:flutter_tools/src/base/error_handling_io.dart:388:12)
#6      FlutterWebSdk.updateInner (package:flutter_tools/src/cache.dart:761:16)
#7      CachedArtifact.update (package:flutter_tools/src/cache.dart:628:11)
#8      Cache.updateAll (package:flutter_tools/src/cache.dart:507:24)
<asynchronous suspension>
#9      FlutterCommand.verifyThenRunCommand (package:flutter_tools/src/runner/flutter_command.dart:958:27)
<asynchronous suspension>
#10     FlutterCommand.run.<anonymous closure> (package:flutter_tools/src/runner/flutter_command.dart:864:33)
<asynchronous suspension>
#11     FlutterCommand.run.<anonymous closure> (package:flutter_tools/src/runner/flutter_command.dart)
#12     AppContext.run.<anonymous closure> (package:flutter_tools/src/base/context.dart:150:29)
#13     _rootRun (dart:async/zone.dart:1190:13)
#14     _CustomZone.run (dart:async/zone.dart:1093:19)
#15     _runZoned (dart:async/zone.dart:1630:10)
#16     runZoned (dart:async/zone.dart:1550:10)
#17     AppContext.run (package:flutter_tools/src/base/context.dart:149:18)
#18     FlutterCommand.run (package:flutter_tools/src/runner/flutter_command.dart:853:20)
#19     CommandRunner.runCommand (package:args/command_runner.dart:197:27)
#20     FlutterCommandRunner.runCommand.<anonymous closure> (package:flutter_tools/src/runner/flutter_command_runner.dart:335:21)
<asynchronous suspension>
#21     FlutterCommandRunner.runCommand.<anonymous closure> (package:flutter_tools/src/runner/flutter_command_runner.dart)
#22     AppContext.run.<anonymous closure> (package:flutter_tools/src/base/context.dart:150:29)
#23     _rootRun (dart:async/zone.dart:1190:13)
#24     _CustomZone.run (dart:async/zone.dart:1093:19)
#25     _runZoned (dart:async/zone.dart:1630:10)
#26     runZoned (dart:async/zone.dart:1550:10)
#27     AppContext.run (package:flutter_tools/src/base/context.dart:149:18)
#28     FlutterCommandRunner.runCommand (package:flutter_tools/src/runner/flutter_command_runner.dart:281:19)
<asynchronous suspension>
#29     CommandRunner.run.<anonymous closure> (package:args/command_runner.dart:112:25)
#30     new Future.sync (dart:async/future.dart:223:31)
#31     CommandRunner.run (package:args/command_runner.dart:112:14)
#32     FlutterCommandRunner.run (package:flutter_tools/src/runner/flutter_command_runner.dart:227:18)
#33     run.<anonymous closure>.<anonymous closure> (package:flutter_tools/runner.dart:63:22)
#34     _rootRun (dart:async/zone.dart:1190:13)
#35     _CustomZone.run (dart:async/zone.dart:1093:19)
#36     _runZoned (dart:async/zone.dart:1630:10)
#37     runZonedGuarded (dart:async/zone.dart:1618:12)
#38     runZoned (dart:async/zone.dart:1547:12)
#39     run.<anonymous closure> (package:flutter_tools/runner.dart:61:18)
<asynchronous suspension>
#40     run.<anonymous closure> (package:flutter_tools/runner.dart)
#41     runInContext.runnerWrapper (package:flutter_tools/src/context_runner.dart:67:18)
<asynchronous suspension>
#42     runInContext.runnerWrapper (package:flutter_tools/src/context_runner.dart)
#43     AppContext.run.<anonymous closure> (package:flutter_tools/src/base/context.dart:150:29)
#44     _rootRun (dart:async/zone.dart:1190:13)
#45     _CustomZone.run (dart:async/zone.dart:1093:19)
#46     _runZoned (dart:async/zone.dart:1630:10)
#47     runZoned (dart:async/zone.dart:1550:10)
#48     AppContext.run (package:flutter_tools/src/base/context.dart:149:18)
#49     runInContext (package:flutter_tools/src/context_runner.dart:70:24)
#50     run (package:flutter_tools/runner.dart:46:10)
#51     main (package:flutter_tools/executable.dart:77:9)
#52     main (file:///C:/Users/fumikazu.fujiwara/Documents/Flutter/packages/flutter_tools/bin/flutter_tools.dart:8:3)
#53     _startIsolate.<anonymous closure> (dart:isolate-patch/isolate_patch.dart:299:32)
#54     _RawReceivePortImpl._handleMessage (dart:isolate-patch/isolate_patch.dart:168:12)
```

## flutter doctor

```
[✓] Flutter (Channel beta, 1.23.0-18.1.pre, on Microsoft Windows [Version 10.0.19041.508], locale ja-JP)
    • Flutter version 1.23.0-18.1.pre at C:\Users\fumikazu.fujiwara\Documents\Flutter
    • Framework revision 198df796aa (6 hours ago), 2020-10-15 12:04:33 -0700
    • Engine revision 1d12d82d9c
    • Dart version 2.11.0 (build 2.11.0-213.1.beta)

[✓] Android toolchain - develop for Android devices (Android SDK version 30.0.2)
    • Android SDK at C:\Users\fumikazu.fujiwara\AppData\Local\Android\sdk
    • Platform android-30, build-tools 30.0.2
    • Java binary at: C:\Program Files\Android\Android Studio\jre\bin\java
    • Java version OpenJDK Runtime Environment (build 1.8.0_242-release-1644-b01)
    • All Android licenses accepted.

[✓] Chrome - develop for the web
    • Chrome at C:\Program Files (x86)\Google\Chrome\Application\chrome.exe

[✓] Android Studio (version 4.1.0)
    • Android Studio at C:\Program Files\Android\Android Studio
    • Flutter plugin can be installed from:
      🔨 https://plugins.jetbrains.com/plugin/9212-flutter
    • Dart plugin can be installed from:
      🔨 https://plugins.jetbrains.com/plugin/6351-dart
    • Java version OpenJDK Runtime Environment (build 1.8.0_242-release-1644-b01)

[✓] VS Code (version 1.47.2)
    • VS Code at C:\Users\fumikazu.fujiwara\AppData\Local\Programs\Microsoft VS Code
    • Flutter extension can be installed from:
      🔨 https://marketplace.visualstudio.com/items?itemName=Dart-Code.flutter

[✓] Connected device (4 available)
    • sdk gphone x86 (mobile) • emulator-5554 • android-x86    • Android 11 (API 30) (emulator)
    • Web Server (web)        • web-server    • web-javascript • Flutter Tools
    • Chrome (web)            • chrome        • web-javascript • Google Chrome 86.0.4240.75
    • Edge (web)              • edge          • web-javascript • Microsoft Edge 86.0.622.38

• No issues found!
```
